2016/07/02 18:09:05 [error] 895#895: *229 FastCGI sent in stderr: "PHP message: PHP Warning:  Expected array for frame 0 in /var/www/html/yii2-site/vendor/yiisoft/yii2/log/Target.php on line 243
PHP message: PHP Stack trace:
PHP message: PHP   1. yii\base\ErrorHandler->handleException() /var/www/html/yii2-site/vendor/yiisoft/yii2/base/ErrorHandler.php:0
PHP message: PHP   2. yii\log\Logger->flush() /var/www/html/yii2-site/vendor/yiisoft/yii2/base/ErrorHandler.php:111
PHP message: PHP   3. yii\log\Dispatcher->dispatch() /var/www/html/yii2-site/vendor/yiisoft/yii2/log/Logger.php:173
PHP message: PHP   4. yii\log\Target->collect() /var/www/html/yii2-site/vendor/yiisoft/yii2/log/Dispatcher.php:188
PHP message: PHP   5. yii\log\FileTarget->export() /var/www/html/yii2-site/vendor/yiisoft/yii2/log/Target.php:111
PHP message: PHP   6. array_map() /var/www/html/yii2-site/vendor/yiisoft/yii2/log/FileTarget.php:106
PHP message: PHP   7. yii\log\Target->formatMessage() /var/www/html/yii2-site/vendor/yiisoft/yii2/log/FileTarget.php:106
PHP message: PHP   8. Exception->__toString() /var/www/html/yii2-site/vendor/yiisoft/yii2/log/Target.php:243
PHP message: PHP   9. Exception->getTraceAsString() /var/www/html/yii2-site/vendor/yiisoft/yii2/log/Target.php:243" while reading upstream, client: 127.0.0.1, server: yii.my, request: "POST /admin/catalog/create HTTP/1.1", upstream: "fastcgi://unix:/run/php/php7.0-fpm.sock:", host: "yii.my", referrer: "http://yii.my/admin/catalog/create"
2016/07/02 18:09:05 [error] 895#895: *229 FastCGI sent in stderr: "PHP message: PHP Warning:  Expected array for frame 1 in /var/www/html/yii2-site/vendor/yiisoft/yii2/log/Target.php on line 243
PHP message: PHP Stack trace:
PHP message: PHP   1. yii\base\ErrorHandler->handleException() /var/www/html/yii2-site/vendor/yiisoft/yii2/base/ErrorHandler.php:0
PHP message: PHP   2. yii\log\Logger->flush() /var/www/html/yii2-site/vendor/yiisoft/yii2/base/ErrorHandler.php:111
PHP message: PHP   3. yii\log\Dispatcher->dispatch() /var/www/html/yii2-site/vendor/yiisoft/yii2/log/Logger.php:173
PHP message: PHP   4. yii\log\Target->collect() /var/www/html/yii2-site/vendor/yiisoft/yii2/log/Dispatcher.php:188
PHP message: PHP   5. yii\log\FileTarget->export() /var/www/html/yii2-site/vendor/yiisoft/yii2/log/Target.php:111
PHP message: PHP   6. array_map() /var/www/html/yii2-site/vendor/yiisoft/yii2/log/FileTarget.php:106
PHP message: PHP   7. yii\log" while reading upstream, client: 127.0.0.1, server: yii.my, request: "POST /admin/catalog/create HTTP/1.1", upstream: "fastcgi://unix:/run/php/php7.0-fpm.sock:", host: "yii.my", referrer: "http://yii.my/admin/catalog/create"
2016/07/02 18:09:05 [error] 895#895: *229 FastCGI sent in stderr: "\Target->formatMessage() /var/www/html/yii2-site/vendor/yiisoft/yii2/log/FileTarget.php:106
PHP message: PHP   8. Exception->__toString() /var/www/html/yii2-site/vendor/yiisoft/yii2/log/Target.php:243
PHP message: PHP   9. Exception->getTraceAsString() /var/www/html/yii2-site/vendor/yiisoft/yii2/log/Target.php:243" while reading upstream, client: 127.0.0.1, server: yii.my, request: "POST /admin/catalog/create HTTP/1.1", upstream: "fastcgi://unix:/run/php/php7.0-fpm.sock:", host: "yii.my", referrer: "http://yii.my/admin/catalog/create"
2016/07/02 18:09:05 [error] 895#895: *229 FastCGI sent in stderr: "PHP message: PHP Warning:  Expected array for frame 2 in /var/www/html/yii2-site/vendor/yiisoft/yii2/log/Target.php on line 243
PHP message: PHP Stack trace:
PHP message: PHP   1. yii\base\ErrorHandler->handleException() /var/www/html/yii2-site/vendor/yiisoft/yii2/base/ErrorHandler.php:0
PHP message: PHP   2. yii\log\Logger->flush() /var/www/html/yii2-site/vendor/yiisoft/yii2/base/ErrorHandler.php:111
PHP message: PHP   3. yii\log\Dispatcher->dispatch() /var/www/html/yii2-site/vendor/yiisoft/yii2/log/Logger.php:173
PHP message: PHP   4. yii\log\Target->collect() /var/www/html/yii2-site/vendor/yiisoft/yii2/log/Dispatcher.php:188
PHP message: PHP   5. yii\log\FileTarget->export() /var/www/html/yii2-site/vendor/yiisoft/yii2/log/Target.php:111
PHP message: PHP   6. array_map() /var/www/html/yii2-site/vendor/yiisoft/yii2/log/FileTarget.php:106
PHP message: PHP   7. yii\log\Target->formatMessage() /var/www/html/yii2-site/vendor/yiisoft/yii2/log/FileTarget.php:106
PHP message: PHP   8. Exception->__toString() /var/www/html/yii2-site/vendor/yiisoft/yii2/log/Target.php:243
PHP message: PHP   9. Exception->getTraceAsString() /var/www/html/yii2-site/vendor/yiisoft/yii2/log/Target.php:243" while reading upstream, client: 127.0.0.1, server: yii.my, request: "POST /admin/catalog/create HTTP/1.1", upstream: "fastcgi://unix:/run/php/php7.0-fpm.sock:", host: "yii.my", referrer: "http://yii.my/admin/catalog/create"
2016/07/02 18:09:05 [error] 895#895: *229 FastCGI sent in stderr: "PHP message: PHP Warning:  Expected array for frame 3 in /var/www/html/yii2-site/vendor/yiisoft/yii2/log/Target.php on line 243
PHP message: PHP Stack trace:
PHP message: PHP   1. yii\base\ErrorHandler->handleException() /var/www/html/yii2-site/vendor/yiisoft/yii2/base/ErrorHandler.php:0
PHP message: PHP   2. yii\log\Logger->flush() /var/www/html/yii2-site/vendor/yiisoft/yii2/base/ErrorHandler.php:111
PHP message: PHP   3. yii\log\Dispatcher->dispatch() /var/www/html/yii2-site/vendor/yiisoft/yii2/log/Logger.php:173
PHP message: PHP   4. yii\log\Target->collect() /var/www/html/yii2-site/vendor/yiisoft/yii2/log/Dispatcher.php:188
PHP message: PHP   5. yii\log\FileTarget->export() /var/www/html/yii2-site/vendor/yiisoft/yii2/log/Target.php:111
PHP message: PHP   6. array_map() /var/www/html/yii2-site/vendor/yiisoft/yii2/log/FileTarget.php:106
PHP message: PHP   7. yii\log\Target->formatMessage() /var/www/html/yii2-site/vendor/yiisoft/yii2/log/FileTarget.php:106
PHP message: PHP   8. Exception->__toString() /var/www/html/yii2-site/vendor/yiisoft/yii2/log/Target.php:243
PHP message: PHP   9. Exception" while reading upstream, client: 127.0.0.1, server: yii.my, request: "POST /admin/catalog/create HTTP/1.1", upstream: "fastcgi://unix:/run/php/php7.0-fpm.sock:", host: "yii.my", referrer: "http://yii.my/admin/catalog/create"
2016/07/02 18:09:05 [error] 895#895: *229 FastCGI sent in stderr: "->getTraceAsString() /var/www/html/yii2-site/vendor/yiisoft/yii2/log/Target.php:243" while reading upstream, client: 127.0.0.1, server: yii.my, request: "POST /admin/catalog/create HTTP/1.1", upstream: "fastcgi://unix:/run/php/php7.0-fpm.sock:", host: "yii.my", referrer: "http://yii.my/admin/catalog/create"
2016/07/02 18:09:05 [error] 895#895: *229 FastCGI sent in stderr: "PHP message: PHP Warning:  Expected array for frame 4 in /var/www/html/yii2-site/vendor/yiisoft/yii2/log/Target.php on line 243
PHP message: PHP Stack trace:
PHP message: PHP   1. yii\base\ErrorHandler->handleException() /var/www/html/yii2-site/vendor/yiisoft/yii2/base/ErrorHandler.php:0
PHP message: PHP   2. yii\log\Logger->flush() /var/www/html/yii2-site/vendor/yiisoft/yii2/base/ErrorHandler.php:111
PHP message: PHP   3. yii\log\Dispatcher->dispatch() /var/www/html/yii2-site/vendor/yiisoft/yii2/log/Logger.php:173
PHP message: PHP   4. yii\log\Target->collect() /var/www/html/yii2-site/vendor/yiisoft/yii2/log/Dispatcher.php:188
PHP message: PHP   5. yii\log\FileTarget->export() /var/www/html/yii2-site/vendor/yiisoft/yii2/log/Target.php:111
PHP message: PHP   6. array_map() /var/www/html/yii2-site/vendor/yiisoft/yii2/log/FileTarget.php:106
PHP message: PHP   7. yii\log\Target->formatMessage() /var/www/html/yii2-site/vendor/yiisoft/yii2/log/FileTarget.php:106
PHP message: PHP   8. Exception->__toString() /var/www/html/yii2-site/vendor/yiisoft/yii2/log/Target.php:243
PHP message: PHP   9. Exception->getTraceAsString() /var/www/html/yii2-site/vendor/yiisoft/yii2/log/Target.php:243" while reading upstream, client: 127.0.0.1, server: yii.my, request: "POST /admin/catalog/create HTTP/1.1", upstream: "fastcgi://unix:/run/php/php7.0-fpm.sock:", host: "yii.my", referrer: "http://yii.my/admin/catalog/create"
2016/07/02 18:09:05 [error] 895#895: *229 FastCGI sent in stderr: "PHP message: PHP Warning:  Expected array for frame 5 in /var/www/html/yii2-site/vendor/yiisoft/yii2/log/Target.php on line 243
PHP message: PHP Stack trace:
PHP message: PHP   1. yii\base\ErrorHandler->handleException() /var/www/html/yii2-site/vendor/yiisoft/yii2/base/ErrorHandler.php:0
PHP message: PHP   2. yii\log\Logger->flush() /var/www/html/yii2-site/vendor/yiisoft/yii2/base/ErrorHandler.php:111
PHP message: PHP   3. yii\log\Dispatcher->dispatch() /var/www/html/yii2-site/vendor/yiisoft/yii2/log/Logger.php:173
PHP message: PHP   4. yii\log\Target->collect() /var/www/html/yii2-site/vendor/yiisoft/yii2/log/Dispatcher.php:188
PHP message: PHP   5. yii\log\FileTarget->export() /var/www/html/yii2-site/vendor/yiisoft/yii2/log/Target.php:111
PHP message: PHP   6. array_map() /var/www/html/yii2-site/vendor/yiisoft/yii2/log/FileTarget.php:106
PHP message: PHP   7. yii\log\Target->formatMessage() /var/www/html/yii2-site/vendor/yiisoft/yii2/log/FileTarget.php:106
PHP message: PHP   8. Exception->__toString(" while reading upstream, client: 127.0.0.1, server: yii.my, request: "POST /admin/catalog/create HTTP/1.1", upstream: "fastcgi://unix:/run/php/php7.0-fpm.sock:", host: "yii.my", referrer: "http://yii.my/admin/catalog/create"
2016/07/02 18:09:05 [error] 895#895: *229 FastCGI sent in stderr: ") /var/www/html/yii2-site/vendor/yiisoft/yii2/log/Target.php:243
PHP message: PHP   9. Exception->getTraceAsString() /var/www/html/yii2-site/vendor/yiisoft/yii2/log/Target.php:243" while reading upstream, client: 127.0.0.1, server: yii.my, request: "POST /admin/catalog/create HTTP/1.1", upstream: "fastcgi://unix:/run/php/php7.0-fpm.sock:", host: "yii.my", referrer: "http://yii.my/admin/catalog/create"
2016/07/02 18:09:05 [error] 895#895: *229 FastCGI sent in stderr: "PHP message: PHP Warning:  Expec" while reading upstream, client: 127.0.0.1, server: yii.my, request: "POST /admin/catalog/create HTTP/1.1", upstream: "fastcgi://unix:/run/php/php7.0-fpm.sock:", host: "yii.my", referrer: "http://yii.my/admin/catalog/create"
2016/07/02 18:09:05 [error] 895#895: *229 FastCGI sent in stderr: "ted array for frame 6 in /var/www/html/yii2-site/vendor/yiisoft/yii2/log/Target.php on line 243
PHP message: PHP Stack trace:
PHP message: PHP   1. yii\base\ErrorHandler->handleException() /var/www/html/yii2-site/vendor/yiisoft/yii2/base/ErrorHandler.php:0
PHP message: PHP   2. yii\log\Logger->flush() /var/www/html/yii2-site/vendor/yiisoft/yii2/base/ErrorHandler.php:111
PHP message: PHP   3. yii\log\Dispatcher->dispatch() /var/www/html/yii2-site/vendor/yiisoft/yii2/log/Logger.php:173
PHP message: PHP   4. yii\log\Target->collect() /var/www/html/yii2-site/vendor/yiisoft/yii2/log/Dispatcher.php:188
PHP message: PHP   5. yii\log\FileTarget->export() /var/www/html/yii2-site/vendor/yiisoft/yii2/log/Target.php:111
PHP message: PHP   6. array_map() /var/www/html/yii2-site/vendor/yiisoft/yii2/log/FileTarget.php:106
PHP message: PHP   7. yii\log\Target->formatMessage() /var/www/html/yii2-site/vendor/yiisoft/yii2/log/FileTarget.php:106
PHP message: PHP   8. Exception->__toString() /var/www/html/yii2-site/vendor/yiisoft/yii2/log/Target.php:243
PHP message: PHP   9. Exception->getTraceAsString() /var/www/html/yii2-site/vendor/yiisoft/yii2/log/Target.php:243" while reading upstream, client: 127.0.0.1, server: yii.my, request: "POST /admin/catalog/create HTTP/1.1", upstream: "fastcgi://unix:/run/php/php7.0-fpm.sock:", host: "yii.my", referrer: "http://yii.my/admin/catalog/create"
2016/07/02 18:09:05 [error] 895#895: *229 FastCGI sent in stderr: "PHP message: PHP Warning:  Expected array for frame 7 in /var/www/html/yii2-site/vendor/yiisoft/yii2/log/Target.php on line 243
PHP message: PHP Stack trace:
PHP message: PHP   1. yii\base\ErrorHandler->handleException() /var/www/html/yii2-site/vendor/yiisoft/yii2/base/ErrorHandler.php:0
PHP message: PHP   2. yii\log\Logger->flush() /var/www/html/yii2-site/vendor/yiisoft/yii2/base/ErrorHandler.php:111
PHP message: PHP   3. yii\log\Dispatcher->dispatch() /var/www/html/yii2-site/vendor/yiisoft/yii2/log/Logger.php:173
PHP message: PHP   4. yii\log\Target->collect() /var/www/html/yii2-site/vendor/yiisoft/yii2/log/Dispatcher.php:188
PHP message: PHP   5. yii\log\FileTarget->export() /var/www/html/yii2-site/vendor/yiisoft/yii2/log/Target.php:111
PHP message: PHP   6. array_map() /var/www/html/yii2-site/vendor/yiisoft/yii2/log/FileTarget.php:106
PHP message: PHP   7. yii\log\Target->formatMessage() /var/www/html/yii2-site/vendor/yiisoft/yii2/log/FileTarget.php:106
PHP message: PHP   8. Exception->__toString() /var/www/html/yii2-site/vendor/yiisoft/yii2/log/Target.php:243
PHP message: PHP   9. Exception->getTraceAsString() /var/www/html/yii2-site/vendor/yiisoft/yii2/log/Target.php:243" while reading upstream, client: 127.0.0.1, server: yii.my, request: "POST /admin/catalog/create HTTP/1.1", upstream: "fastcgi://unix:/run/php/php7.0-fpm.sock:", host: "yii.my", referrer: "http://yii.my/admin/catalog/create"
2016/07/02 18:09:05 [error] 895#895: *229 FastCGI sent in stderr: "PHP message: PHP Warning:  Expected array for frame 8 in /var/www/html/yii2-site/vendor/yiisoft/yii2/log/Target.php on line 243
PHP message: PHP Stack trace:
PHP message: PHP   1. yii\base\ErrorHandler->handleException() /var/www/html/yii2-site/vendor/yiisoft/yii2" while reading upstream, client: 127.0.0.1, server: yii.my, request: "POST /admin/catalog/create HTTP/1.1", upstream: "fastcgi://unix:/run/php/php7.0-fpm.sock:", host: "yii.my", referrer: "http://yii.my/admin/catalog/create"
2016/07/02 18:09:05 [error] 895#895: *229 FastCGI sent in stderr: "/base/ErrorHandler.php:0
PHP message: PHP   2. yii\log\Logger->flush() /var/www/html/yii2-site/vendor/yiisoft/yii2/base/ErrorHandler.php:111
PHP message: PHP   3. yii\log\Dispatcher->dispatch() /var/www/html/yii2-site/vendor/yiisoft/yii2/log/Logger.php:173
PHP message: PHP   4. yii\log\Target->collect() /var/www/html/yii2-site/vendor/yiisoft/yii2/log/Dispatcher.php:188
PHP message: PHP   5. yii\log\FileTarget->export() /var/www/html/yii2-site/vendor/yiisoft/yii2/log/Target.php:111
PHP message: PHP   6. array_map() /var/www/html/yii2-site/vendor/yiisoft/yii2/log/FileTarget.php:106
PHP message: PHP   7. yii\log\Target->formatMessage() /var/www/html/yii2-site/vendor/yiisoft/yii2/log/FileTarget.php:106
PHP message: PHP   8. Exception->__toString() /var/www/html/yii2-site/vendor/yiisoft/yii2/log/Target.php:243
PHP message: PHP   9. Exception->getTraceAsString() /var/www/html/yii2-site/vendor/yiisoft/yii2/log/Target.php:243" while reading upstream, client: 127.0.0.1, server: yii.my, request: "POST /admin/catalog/create HTTP/1.1", upstream: "fastcgi://unix:/run/php/php7.0-fpm.sock:", host: "yii.my", referrer: "http://yii.my/admin/catalog/create"
2016/07/02 18:09:05 [error] 895#895: *229 FastCGI sent in stderr: "PHP message: PHP Warning:  Expected array for frame 9 in /var/www/html/yii2-site/vendor/yiisoft/yii2/log/Target.php on line 243
PHP message: PHP Stack trace:
PHP message: PHP   1. yii\base\ErrorHandler->handleException() /var/www/html/yii2-site/vendor/yiisoft/yii2/base/ErrorHandler.php:0
PHP message: PHP   2. yii\log\Logger->flush() /var/www/html/yii2-site/vendor/yiisoft/yii2/base/ErrorHandler.php:111
PHP message: PHP   3. yii\log\Dispatcher->dispatch() /var/www/html/yii2-site/vendor/yiisoft/yii2/log/Logger.php:173
PHP message: PHP   4. yii\log\Target->collect() /var/www/html/yii2-site/vendor/yiisoft/yii2/log/Dispatcher.php:188
PHP message: PHP   5. yii\log\FileTarget->export() /var/www/html/yii2-site/vendor/yiisoft/yii2/log/Target.php:111
PHP message: PHP   6. array_map() /var/www/html/yii2-site/vendor/yiisoft/yii2/log/FileTarget.php:106
PHP message: PHP   7. yii\log\Target->formatMessage() /var/www/html/yii2-site/vendor/yiisoft/yii2/log/FileTarget.php:106
PHP message: PHP   8. Exception->__toString() /var/www/html/yii2-site/vendor/yiisoft/yii2/log/Target.php:243
PHP message: PHP   9. Exception->getTraceAsString() /var/www/html/yii2-site/ven" while reading upstream, client: 127.0.0.1, server: yii.my, request: "POST /admin/catalog/create HTTP/1.1", upstream: "fastcgi://unix:/run/php/php7.0-fpm.sock:", host: "yii.my", referrer: "http://yii.my/admin/catalog/create"
2016/07/02 18:09:05 [error] 895#895: *229 FastCGI sent in stderr: "dor/yiisoft/yii2/log/Target.php:243" while reading upstream, client: 127.0.0.1, server: yii.my, request: "POST /admin/catalog/create HTTP/1.1", upstream: "fastcgi://unix:/run/php/php7.0-fpm.sock:", host: "yii.my", referrer: "http://yii.my/admin/catalog/create"
2016/07/02 18:09:05 [error] 895#895: *229 FastCGI sent in stderr: "PHP message: PHP Warning:  Expected array for frame 0 in /var/www/html/yii2-site/vendor/yiisoft/yii2-debug/panels/LogPanel.php on line 70
PHP message: PHP Stack trace:" while reading upstream, client: 127.0.0.1, server: yii.my, request: "POST /admin/catalog/create HTTP/1.1", upstream: "fastcgi://unix:/run/php/php7.0-fpm.sock:", host: "yii.my", referrer: "http://yii.my/admin/catalog/create"
2016/07/02 18:09:05 [error] 895#895: *229 FastCGI sent in stderr: "PHP message: PHP   1. yii\base\ErrorHandler->handleException() /var/www/html/yii2-site/vendor/yiisoft/yii2/base/ErrorHandler.php:0
PHP message: PHP   2. yii\log\Logger->flush() /var/www/html/yii2-site/vendor/yiisoft/yii2/base/ErrorHandler.php:111
PHP message: PHP   3. yii\log\Dispatcher->dispatch() /var/www/html/yii2-site/vendor/yiisoft/yii2/log/Logger.php:173
PHP message: PHP   4. yii\debug\LogTarget->collect() /var/www/html/yii2-site/vendor/yiisoft/yii2/log/Dispatcher.php:188
PHP message: PHP   5. yii\debug\LogTarget->export() /var/www/html/yii2-site/vendor/yiisoft/yii2-debug/LogTarget.php:118
PHP message: PHP   6. yii\debug\panels\LogPanel->save() /var/www/html/yii2-site/vendor/yiisoft/yii2-debug/LogTarget.php:54
PHP message: PHP   7. Exception->__toString() /var/www/html/yii2-site/vendor/yiisoft/yii2-debug/panels/LogPanel.php:70
PHP message: PHP   8. Exception->getTraceAsString() /var/www/html/yii2-site/vendor/yiisoft/yii2-debug/panels/LogPanel.php:70" while reading upstream, client: 127.0.0.1, server: yii.my, request: "POST /admin/catalog/create HTTP/1.1", upstream: "fastcgi://unix:/run/php/php7.0-fpm.sock:", host: "yii.my", referrer: "http://yii.my/admin/catalog/create"
2016/07/02 18:09:05 [error] 895#895: *229 FastCGI sent in stderr: "PHP message: PHP Warning:  Expected array for frame 1 in /var/www/html/yii2-site/vendor/yiisoft/yii2-debug/panels/LogPanel.php on line 70
PHP message: PHP Stack trace:
PHP message: PHP   1. yii\base\ErrorHandler->handleException() /var/www/html/yii2-site/vendor/yiisoft/yii2/base/ErrorHandler.php:0
PHP message: PHP   2. yii\log\Logger->flush() /var/www/html/yii2-site/vendor/yiisoft/yii2/base/ErrorHandler.php:111
PHP message: PHP   3. yii\log\Dispatcher->dispatch() /var/www/html/yii2-site/vendor/yiisoft/yii2/log/Logger.php:173
PHP message: PHP   4. yii\debug\LogTarget->collect() /var/www/html/yii2-site/vendor/yiisoft/yii2/log/Dispatcher.php:188
PHP message: PHP   5. yii\debug\LogTarget->export() /var/www/html/yii2-site/vendor/yiisoft/yii2-debug/LogTarget.php:118
PHP message: PHP   6. yii\debug\panels\LogPanel->save() /var/www/html/yii2-site/vendor/yiisoft/yii2-debug/LogTarget.php:54
PHP message: PHP   7. Exception->__toString() /var/www/html/yii2-site/vendor/yiisoft/yii2-debug/panels/LogPanel.php:70
PHP message: PHP   8. Exception->getTraceAsString() /var/www/html/yii2-site/vendor/yiisoft/yii2-debug/panels/LogPanel.php:70" while reading upstream, client: 127.0.0.1, server: yii.my, request: "POST /admin/catalog/create HTTP/1.1", upstream: "fastcgi://unix:/run/php/php7.0-fpm.sock:", host: "yii.my", referrer: "http://yii.my/admin/catalog/create"
2016/07/02 18:09:05 [error] 895#895: *229 FastCGI sent in stderr: "PHP message: PHP Warning:  Expected array for frame 2 in /var/www/html/yii2-site/vendor/yiisoft/yii2-debug/panels/LogPanel.php on line 70
PHP message: PHP Stack trace:
PHP message: PHP   1. yii\base\ErrorHandler->handleException() /var/www/html/yii2-site/vendor/yiisoft/yii2/base/ErrorHandler.php:0
PHP message: PHP   2. yii\log\Logger->flush() /var/www/html/yii2-site/vendor/yiisoft/yii2/base/ErrorHandler.php:111
PHP message: PHP   3. yii\log\Dispatcher->dispatch() /var/www/html/yii2-site/vendor/yiisoft/yii2/log/Logger.php:173
PHP message: PHP   4. yii\debug\LogTarget->collect() /var/www/html/yii2-site/vendor/yiisoft/yii2/log/Dispatcher.php:188
PHP message: PHP   5. yii\debug\LogTarget->export() /var/www/html/yii2-site/vendor/yiisoft/yii2-debug/LogTarget.php:118
PHP message: PHP   6. yii\debug\panels\LogPanel->save() /var/www/html/yii2-site/vendor/yiisoft/yii2-debug/LogTarget.php:54
PHP message: PHP   7. Exception->__toString() /var/www/html/yii2-site/vendor/yiisoft/yii2-debug/panels/LogPanel.php:70
PHP message: PHP   8. Exception->getTraceAsString() /var/www/html/yii2-site/vendor/yiisoft/yii2-debug/panels/LogPanel.php:70" while reading upstream, client: 127.0.0.1, server: yii.my, request: "POST /admin/catalog/create HTTP/1.1", upstream: "fastcgi://unix:/run/php/php7.0-fpm.sock:", host: "yii.my", referrer: "http://yii.my/admin/catalog/create"
2016/07/02 18:09:05 [error] 895#895: *229 FastCGI sent in stderr: "PHP message: PHP Warning:  Expected array for frame 3 in /var/www/html/yii2-site/vendor/yiisoft/yii2-debug/panels/LogPanel.php on line 70
PHP message: PHP Stack trace:
PHP message: PHP   1. yii\base\ErrorHandler->handleException() /var/www/html/yii2-site/vendor/yiisoft/yii2/base/ErrorHandler.php:0
PHP message: PHP   2. yii\log\Logger->flush() /var/www/html/yii2-site/vendor/yiisoft/yii2/base/ErrorHandler.php:111
PHP message: PHP   3. yii\log\Dispatcher->dispatch() /var/www/html/yii2-site/vendor/yiisoft/yii2/log/Logger.php:173
PHP message: PHP   4. yii\debug\LogTarget->collect() /var/www" while reading upstream, client: 127.0.0.1, server: yii.my, request: "POST /admin/catalog/create HTTP/1.1", upstream: "fastcgi://unix:/run/php/php7.0-fpm.sock:", host: "yii.my", referrer: "http://yii.my/admin/catalog/create"
2016/07/02 18:09:05 [error] 895#895: *229 FastCGI sent in stderr: "/html/yii2-site/vendor/yiisoft/yii2/log/Dispatcher.php:188
PHP message: PHP   5. yii\debug\LogTarget->export() /var/www/html/yii2-site/vendor/yiisoft/yii2-debug/LogTarget.php:118
PHP message: PHP   6. yii\debug\panels\LogPanel->save() /var/www/html/yii2-site/vendor/yiisoft/yii2-debug/LogTarget.php:54
PHP message: PHP   7. Exception->__toString() /var/www/html/yii2-site/vendor/yiisoft/yii2-debug/panels/LogPanel.php:70
PHP message: PHP   8. Exception->getTraceAsString() /var/www/html/yii2-site/vendor/yiisoft/yii2-debug/panels/LogPanel.php:70" while reading upstream, client: 127.0.0.1, server: yii.my, request: "POST /admin/catalog/create HTTP/1.1", upstream: "fastcgi://unix:/run/php/php7.0-fpm.sock:", host: "yii.my", referrer: "http://yii.my/admin/catalog/create"
2016/07/02 18:09:05 [error] 895#895: *229 FastCGI sent in stderr: "PHP message: PHP Warning:  Expected array for frame 4 in /var/www/html/yii2-site/vendor/yiisoft/yii2-debug/panels/LogPanel.php on line 70
PHP message: PHP Stack trace:
PHP message: PHP   1. yii\base\ErrorHandler->handleException() /var/www/html/yii2-site/vendor/yiisoft/yii2/base/ErrorHandler.php:0
PHP message: PHP   2. yii\log\Logger->flush() /var/www/html/yii2-site/vendor/yiisoft/yii2/base/ErrorHandler.php:111
PHP message: PHP   3. yii\log\Dispatcher->dispatch() /var/www/html/yii2-site/vendor/yiisoft/yii2/log/Logger.php:173
PHP message: PHP   4. yii\debug\LogTarget->collect() /var/www/html/yii2-site/vendor/yiisoft/yii2/log/Dispatcher.php:188
PHP message: PHP   5. yii\debug\LogTarget->export() /var/www/html/yii2-site/vendor/yiisoft/yii2-debug/LogTarget.php:118
PHP message: PHP   6. yii\debug\panels\LogPanel->save() /var/www/html/yii2-site/vendor/yiisoft/yii2-debug/LogTarget.php:54
PHP message: PHP   7. Exception->__toString() /var/www/html/yii2-site/vendor/yiisoft/yii2-debug/panels/LogPanel.php:70
PHP message: PHP   8. Exception->getTraceAsString() /var/www/html/yii2-site/vendor/yiisoft/yii2-debug/panels/LogPanel.php:70" while reading upstream, client: 127.0.0.1, server: yii.my, request: "POST /admin/catalog/create HTTP/1.1", upstream: "fastcgi://unix:/run/php/php7.0-fpm.sock:", host: "yii.my", referrer: "http://yii.my/admin/catalog/create"
2016/07/02 18:09:05 [error] 895#895: *229 FastCGI sent in stderr: "PHP message: PHP Warning:  Expected array for frame 5 in /var/www/html/yii2-site/vendor/yiisoft/yii2-debug/panels/LogPanel.php on line 70
PHP message: PHP Stack trace:
PHP message: PHP   1. yii\base\ErrorHandler->handleException() /var/www/html/yii2-site/vendor/yiisoft/yii2/base/ErrorHandler.php:0
PHP message: PHP   2. yii\log\Logger->flush() /var/www/html/yii2-site/vendor/yiisoft/yii2/base/ErrorHandler.php:111
PHP message: PHP   3. yii\log\Dispatcher->dispatch() /var/www/html/yii2-site/vendor/yiisoft/yii2/log/Logger.php:173
PHP message: PHP   4. yii\debug\LogTarget->collect() /var/www/html/yii2-site/vendor/yiisoft/yii2/log/Dispatcher.php:188
PHP message: PHP   5. yii\debug\LogTarget->export() /var/www/html/yii2-site/vendor/yiisoft/yii2-debug/LogTarget.php:118
PHP message: PHP   6. yii\debug\panels\LogPanel->save() /var/www/html/yii2-site/vendor/yiisoft/yii2-debug/LogTarget.php:54
PHP message: PHP   7. Exception->__toString() /var/www/html/yii2-site/vendor/yiisoft/yii2-debug/panels/LogPanel.php:70
PHP message: PHP   8. Exception->getTraceAsString() /var/www/html/yii2-site/vendor/yiisoft/yii2-debug/panels/LogPanel.php:70" while reading upstream, client: 127.0.0.1, server: yii.my, request: "POST /admin/catalog/create HTTP/1.1", upstream: "fastcgi://unix:/run/php/php7.0-fpm.sock:", host: "yii.my", referrer: "http://yii.my/admin/catalog/create"
2016/07/02 18:09:05 [error] 895#895: *229 FastCGI sent in stderr: "PHP message: PHP Warning:  Expected array for frame 6 in /var/www/html/yii2-site/vendor/yiisoft/yii2-debug/panels/LogPanel.php on line 70
PHP message: PHP Stack trace:
PHP message: PHP   1. yii\base\ErrorHandler->handleException() /var/www/html/yii2-site/vendor/yiisoft/yii2/base/ErrorHandler.php:0
PHP message: PHP   2. yii\log\Logger->flush() /var/www/html/yii2-site/vendor/yiisoft/yii2/base/ErrorHandler.php:111
PHP message: PHP   3. yii\log\Dispatcher->dispatch() /var/www/html/yii2-site/vendor/yiisoft/yii2/log/Logger.php:173
PHP message: PHP   4. yii\debug\LogTarget->collect() /var/www/html/yii2-site/vendor/yiisoft/yii2/log/Dispatcher.php:188
PHP message: PHP   5. yii\debug\LogTa" while reading upstream, client: 127.0.0.1, server: yii.my, request: "POST /admin/catalog/create HTTP/1.1", upstream: "fastcgi://unix:/run/php/php7.0-fpm.sock:", host: "yii.my", referrer: "http://yii.my/admin/catalog/create"
2016/07/02 18:09:05 [error] 895#895: *229 FastCGI sent in stderr: "rget->export() /var/www/html/yii2-site/vendor/yiisoft/yii2-debug/LogTarget.php:118
PHP message: PHP   6. yii\debug\panels\LogPanel->save() /var/www/html/yii2-site/vendor/yiisoft/yii2-debug/LogTarget.php:54
PHP message: PHP   7. Exception->__toString() /var/www/html/yii2-site/vendor/yiisoft/yii2-debug/panels/LogPanel.php:70
PHP message: PHP   8. Exception->getTraceAsString() /var/www/html/yii2-site/vendor/yiisoft/yii2-debug/panels/LogPanel.php:70" while reading upstream, client: 127.0.0.1, server: yii.my, request: "POST /admin/catalog/create HTTP/1.1", upstream: "fastcgi://unix:/run/php/php7.0-fpm.sock:", host: "yii.my", referrer: "http://yii.my/admin/catalog/create"
2016/07/02 18:09:05 [error] 895#895: *229 FastCGI sent in stderr: "PHP message: PHP Warning:  Expected array for frame 7 in /var/www/html/yii2-site/vendor/" while reading upstream, client: 127.0.0.1, server: yii.my, request: "POST /admin/catalog/create HTTP/1.1", upstream: "fastcgi://unix:/run/php/php7.0-fpm.sock:", host: "yii.my", referrer: "http://yii.my/admin/catalog/create"
2016/07/02 18:09:05 [error] 895#895: *229 FastCGI sent in stderr: "yiisoft/yii2-debug/panels/LogPanel.php on line 70
PHP message: PHP Stack trace:
PHP message: PHP   1. yii\base\ErrorHandler->handleException() /var/www/html/yii2-site/vendor/yiisoft/yii2/base/ErrorHandler.php:0
PHP message: PHP   2. yii\log\Logger->flush() /var/www/html/yii2-site/vendor/yiisoft/yii2/base/ErrorHandler.php:111
PHP message: PHP   3. yii\log\Dispatcher->dispatch() /var/www/html/yii2-site/vendor/yiisoft/yii2/log/Logger.php:173
PHP message: PHP   4. yii\debug\LogTarget->collect() /var/www/html/yii2-site/vendor/yiisoft/yii2/log/Dispatcher.php:188
PHP message: PHP   5. yii\debug\LogTarget->export() /var/www/html/yii2-site/vendor/yiisoft/yii2-debug/LogTarget.php:118
PHP message: PHP   6. yii\debug\panels\LogPanel->save() /var/www/html/yii2-site/vendor/yiisoft/yii2-debug/LogTarget.php:54
PHP message: PHP   7. Exception->__toString() /var/www/html/yii2-site/vendor/yiisoft/yii2-debug/panels/LogPanel.php:70
PHP message: PHP   8. Exception->getTraceAsString() /var/www/html/yii2-site/vendor/yiisoft/yii2-debug/panels/LogPanel.php:70" while reading upstream, client: 127.0.0.1, server: yii.my, request: "POST /admin/catalog/create HTTP/1.1", upstream: "fastcgi://unix:/run/php/php7.0-fpm.sock:", host: "yii.my", referrer: "http://yii.my/admin/catalog/create"
2016/07/02 18:09:05 [error] 895#895: *229 FastCGI sent in stderr: "PHP message: PHP Warning:  Expected array for frame 8 in /var/www/html/yii2-site/vendor/yiisoft/yii2-debug/panels/LogPanel.php on line 70
PHP message: PHP Stack trace:
PHP message: PHP   1. yii\base\ErrorHandler->handleException() /var/www/html/yii2-site/vendor/yiisoft/yii2/base/ErrorHandler.php:0
PHP message: PHP   2. yii\log\Logger->flush() /var/www/html/yii2-site/vendor/yiisoft/yii2/base/ErrorHandler.php:111
PHP message: PHP   3. yii\log\Dispatcher->dispatch() /var/www/html/yii2-site/vendor/yiisoft/yii2/log/Logger.php:173
PHP message: PHP   4. yii\debug\LogTarget->collect() /var/www/html/yii2-site/vendor/yiisoft/yii2/log/Dispatcher.php:188
PHP message: PHP   5. yii\debug\LogTarget->export() /var/www/html/yii2-site/vendor/yiisoft/yii2-debug/LogTarget.php:118
PHP message: PHP   6. yii\debug\panels\LogPanel->save() /var/www/html/yii2-site/vendor/yiisoft/yii2-debug/LogTarget.php:54
PHP message: PHP   7. Exception->__toString() /var/www/html/yii2-site/vendor/yiisoft/yii2-debug/panels/LogPanel.php:70
PHP message: PHP   8. Exception->getTraceAsString() /var/www/html/yii2-site/vendor/yiisoft/yii2-debug/panels/LogPanel.php:70" while reading upstream, client: 127.0.0.1, server: yii.my, request: "POST /admin/catalog/create HTTP/1.1", upstream: "fastcgi://unix:/run/php/php7.0-fpm.sock:", host: "yii.my", referrer: "http://yii.my/admin/catalog/create"
2016/07/02 18:09:05 [error] 895#895: *229 FastCGI sent in stderr: "PHP message: PHP Warning:  Expected array for frame 9 in /var/www/html/yii2-site/vendor/yiisoft/yii2-debug/panels/LogPanel.php on line 70
PHP message: PHP Stack trace:
PHP message: PHP   1. yii\base\ErrorHandler->handleException() /var/www/html/yii2-site/vendor/yiisoft/yii2/base/ErrorHandler.php:0
PHP message: PHP   2. yii\log\Logger->flush() /var/www/html/yii2-site/vendor/yiisoft/yii2/base/ErrorHandler.php:111
PHP message: PHP   3. yii\log\Dispatcher->dispatch() /var/www/html/yii2-site/vendor/yiisoft/yii2/log/Logger.php:173
PHP message: PHP   4. yii\debug\LogTarget->collect() /var/www/html/yii2-site/vendor/yiisoft/yii2/log/Dispatcher.php:188
PHP message: PHP   5. yii\debug\LogTarget->export() /var/www/html/yii2-site/vendor/yiisoft/yii2-debug/LogTarget.php:118
PHP message: PHP   6. yii\debug\panels\LogPanel->save() /var/www/html/yii2-site/vendor/yiisoft/yii2-debug/LogTarget.php:54
PHP message: PHP   7. Exception->__toString() /var/www/html/yii2-site/vendor/yiisoft/yii2-debug/panels/LogPanel.php:70
PHP message: PHP   8. Exception->getTraceAsString() /var/www/html/yii2-site/vendor/yiisoft/yii2-debug/panels/LogPanel.php:70" while reading upstream, client: 127.0.0.1, server: yii.my, request: "POST /admin/catalog/create HTTP/1.1", upstream: "fastcgi://unix:/run/php/php7.0-fpm.sock:", host: "yii.my", referrer: "http://yii.my/admin/catalog/create"
2016/07/02 18:09:05 [error] 895#895: *229 FastCGI sent in stderr: "PHP message: PHP Warning:  Expected array for frame 0 in /var/www/html/yii2-site/vendor/yiisoft/yii2-debug/panels/LogPanel.php on line 70
PHP message: PHP Stack trace:
PHP message: PHP   1. yii\base\ErrorHandler->handleException() /var/www/html/yii2-site/vendor/yiisoft/yii2/base/ErrorHandler.php:0
PHP message: PHP   2. yii\log\Logger->flush() /var/www/html/yii2-site/vendor/yiisoft/yii2/log/Logger.php:0
PHP message: PHP   3. yii\log\Dispatcher->dispatch() /var/www/html/yii2-site/vendor/yiisoft/yii2/log/Logge" while reading upstream, client: 127.0.0.1, server: yii.my, request: "POST /admin/catalog/create HTTP/1.1", upstream: "fastcgi://unix:/run/php/php7.0-fpm.sock:", host: "yii.my", referrer: "http://yii.my/admin/catalog/create"
2016/07/02 18:09:05 [error] 895#895: *229 FastCGI sent in stderr: "r.php:173
PHP message: PHP   4. yii\debug\LogTarget->collect() /var/www/html/yii2-site/vendor/yiisoft/yii2/log/Dispatcher.php:188
PHP message: PHP   5. yii\debug\LogTarget->export() /var/www/html/yii2-site/vendor/yiisoft/yii2-debug/LogTarget.php:118
PHP message: PHP   6. yii\debug\panels\LogPanel->save() /var/www/html/yii2-site/vendor/yiisoft/yii2-debug/LogTarget.php:54
PHP message: PHP   7. Exception->__toString() /var/www/html/yii2-site/vendor/yiisoft/yii2-debug/panels/LogPanel.php:70
PHP message: PHP   8. Exception->getTraceAsString() /var/www/html/yii2-site/vendor/yiisoft/yii2-debug/panels/LogPanel.php:70" while reading upstream, client: 127.0.0.1, server: yii.my, request: "POST /admin/catalog/create HTTP/1.1", upstream: "fastcgi://unix:/run/php/php7.0-fpm.sock:", host: "yii.my", referrer: "http://yii.my/admin/catalog/create"
2016/07/02 18:09:05 [error] 895#895: *229 FastCGI sent in stderr: "PHP message: PHP Warning:  Expected array for frame 1 in /var/www/html/yii2-site/vendor/yiisoft/yii2-debug/panels/LogPanel.php on line 70
PHP message: PHP Stack trace:
PHP message: PHP   1. yii\base\ErrorHandler->handleException() /var/www/html/yii2-site/vendor/yiisoft/yii2/base/ErrorHandler.php:0
PHP message: PHP   2. yii\log\Logger->flush() /var/www/html/yii2-site/vendor/yiisoft/yii2/log/Logger.php:0
PHP message: PHP   3. yii\log\Dispatcher->dispatch() /var/www/html/yii2-site/vendor/yiisoft/yii2/log/Logger.php:173
PHP message: PHP   4. yii\debug\LogTarget->collect() /var/www/html/yii2-site/vendor/yiisoft/yii2/log/Dispatcher.php:188
PHP message: PHP   5. yii\debug\LogTarget->export() /var/www/html/yii2-site/vendor/yiisoft/yii2-debug/LogTarget.php:118
PHP message: PHP   6. yii\debug\panels\LogPanel->save() /var/www/html/yii2-site/vendor/yiisoft/yii2-debug/LogTarget.php:54
PHP message: PHP   7. Exception->__toString() /var/www/html/yii2-site/vendor/yiisoft/yii2-debug/panels/LogPanel.php:70
PHP message: PHP   8. Exception->getTraceAsString() /var/www/html/yii2-site/vendor/yiisoft/yii2-debug/panels/LogPanel.php:70" while reading upstream, client: 127.0.0.1, server: yii.my, request: "POST /admin/catalog/create HTTP/1.1", upstream: "fastcgi://unix:/run/php/php7.0-fpm.sock:", host: "yii.my", referrer: "http://yii.my/admin/catalog/create"
2016/07/02 18:09:05 [error] 895#895: *229 FastCGI sent in stderr: "PHP message: PHP Warning:  Expected array for frame 2 in /var/www/html/yii2-site/vendor/yiisoft/yii2-debug/panels/LogPanel.php on line 70
PHP message: PHP Stack trace:
PHP message: PHP   1. yii\base\ErrorHandler->handleException() /var/www/html/yii2-site/vendor/yiisoft/yii2/base/ErrorHandler.php:0
PHP message: PHP   2. yii\log\Logger->flush() /var/www/html/yii2-site/vendor/yiisoft/yii2/log/Logger.php:0
PHP message: PHP   3. yii\log\Dispatcher->dispatch() /var/www/html/yii2-site/vendor/yiisoft/yii2/log/Logger.php:173
PHP message: PHP   4. yii\debug\LogTarget->collect() /var/www/html/yii2-site/vendor/yiisoft/yii2/log/Dispatcher.php:188
PHP message: PHP   5. yii\debug\LogTarget->export() /var/www/html/yii2-site/vendor/yiisoft/yii2-debug/LogTarget.php:118
PHP message: PHP   6. yii\debug\panels\LogPanel->save() /var/www/html/yii2-site/vendor/yiisoft/yii2-debug/LogTarget.php:54
PHP message: PHP   7. Exception->__toString() /var/www/html/yii2-site/vendor/yiisoft/yii2-debug/panels/LogPanel.php:70
PHP message: PHP   8. Exception->getTraceAsString() /var/www/html/yii2-site/vendor/yiisoft/yii2-debug/panels/LogPanel.php:70" while reading upstream, client: 127.0.0.1, server: yii.my, request: "POST /admin/catalog/create HTTP/1.1", upstream: "fastcgi://unix:/run/php/php7.0-fpm.sock:", host: "yii.my", referrer: "http://yii.my/admin/catalog/create"
2016/07/02 18:09:05 [error] 895#895: *229 FastCGI sent in stderr: "PHP message: PHP Warning:  Expected array for frame 3 in /var/www/html/yii2-site/vendor/yiisoft/yii2-debug/panels/LogPanel.php on line 70
PHP message: PHP Stack trace:
PHP message: PHP   1. yii\base\ErrorHandler->handleException() /var/www/html/yii2-site/vendor/yiisoft/yii2/base/ErrorHandler.php:0
PHP message: PHP   2. yii\log\Logger->flush() /var/www/html/yii2-site/vendor/yiisoft/yii2/log/Logger.php:0
PHP message: PHP   3. yii\log\Dispatcher->dispatch() /var/www/html/yii2-site/vendor/yiisoft/yii2/log/Logger.php:173
PHP message: PHP   4. yii\debug\LogTarget->collect() /var/www/html/yii2-site/vendor/yiisoft/yii2/log/Dispatcher.php:188
PHP message: PHP   5. yii\debug\LogTar" while reading upstream, client: 127.0.0.1, server: yii.my, request: "POST /admin/catalog/create HTTP/1.1", upstream: "fastcgi://unix:/run/php/php7.0-fpm.sock:", host: "yii.my", referrer: "http://yii.my/admin/catalog/create"
2016/07/02 18:09:05 [error] 895#895: *229 FastCGI sent in stderr: "get->export() /var/www/html/yii2-site/vendor/yiisoft/yii2-debug/LogTarget.php:118
PHP message: PHP   6. yii\debug\panels\LogPanel->save() /var/www/html/yii2-site/vendor/yiisoft/yii2-debug/LogTarget.php:54
PHP message: PHP   7. Exception->__toString() /var/www/html/yii2-site/vendor/yiisoft/yii2-debug/panels/LogPanel.php:70
PHP message: PHP   8. Exception->getTraceAsString() /var/www/html/yii2-site/vendor/yiisoft/yii2-debug/panels/LogPanel.php:70" while reading upstream, client: 127.0.0.1, server: yii.my, request: "POST /admin/catalog/create HTTP/1.1", upstream: "fastcgi://unix:/run/php/php7.0-fpm.sock:", host: "yii.my", referrer: "http://yii.my/admin/catalog/create"
2016/07/02 18:09:05 [error] 895#895: *229 FastCGI sent in stderr: "PHP message: PHP Warning:  Expected array for frame 4 in /var/www/html/yii2-site/vendor/yiisoft/yii2-deb" while reading upstream, client: 127.0.0.1, server: yii.my, request: "POST /admin/catalog/create HTTP/1.1", upstream: "fastcgi://unix:/run/php/php7.0-fpm.sock:", host: "yii.my", referrer: "http://yii.my/admin/catalog/create"
2016/07/02 18:09:05 [error] 895#895: *229 FastCGI sent in stderr: "ug/panels/LogPanel.php on line 70
PHP message: PHP Stack trace:
PHP message: PHP   1. yii\base\ErrorHandler->handleException() /var/www/html/yii2-site/vendor/yiisoft/yii2/base/ErrorHandler.php:0
PHP message: PHP   2. yii\log\Logger->flush() /var/www/html/yii2-site/vendor/yiisoft/yii2/log/Logger.php:0
PHP message: PHP   3. yii\log\Dispatcher->dispatch() /var/www/html/yii2-site/vendor/yiisoft/yii2/log/Logger.php:173
PHP message: PHP   4. yii\debug\LogTarget->collect() /var/www/html/yii2-site/vendor/yiisoft/yii2/log/Dispatcher.php:188
PHP message: PHP   5. yii\debug\LogTarget->export() /var/www/html/yii2-site/vendor/yiisoft/yii2-debug/LogTarget.php:118
PHP message: PHP   6. yii\debug\panels\LogPanel->save() /var/www/html/yii2-site/vendor/yiisoft/yii2-debug/LogTarget.php:54
PHP message: PHP   7. Exception->__toString() /var/www/html/yii2-site/vendor/yiisoft/yii2-debug/panels/LogPanel.php:70
PHP message: PHP   8. Exception->getTraceAsString() /var/www/html/yii2-site/vendor/yiisoft/yii2-debug/panels/LogPanel.php:70" while reading upstream, client: 127.0.0.1, server: yii.my, request: "POST /admin/catalog/create HTTP/1.1", upstream: "fastcgi://unix:/run/php/php7.0-fpm.sock:", host: "yii.my", referrer: "http://yii.my/admin/catalog/create"
2016/07/02 18:09:05 [error] 895#895: *229 FastCGI sent in stderr: "PHP message: PHP Warning:  Expected array for frame 5 in /var/www/html/yii2-site/vendor/yiisoft/yii2-debug/panels/LogPanel.php on line 70
PHP message: PHP Stack trace:
PHP message: PHP   1. yii\base\ErrorHandler->handleException() /var/www/html/yii2-site/vendor/yiisoft/yii2/base/ErrorHandler.php:0
PHP message: PHP   2. yii\log\Logger->flush() /var/www/html/yii2-site/vendor/yiisoft/yii2/log/Logger.php:0
PHP message: PHP   3. yii\log\Dispatcher->dispatch() /var/www/html/yii2-site/vendor/yiisoft/yii2/log/Logger.php:173
PHP message: PHP   4. yii\debug\LogTarget->collect() /var/www/html/yii2-site/vendor/yiisoft/yii2/log/Dispatcher.php:188
PHP message: PHP   5. yii\debug\LogTarget->export() /var/www/html/yii2-site/vendor/yiisoft/yii2-debug/LogTarget.php:118
PHP message: PHP   6. yii\debug\panels\LogPanel->save() /var/www/html/yii2-site/vendor/yiisoft/yii2-debug/LogTarget.php:54
PHP message: PHP   7. Exception->__toString() /var/www/html/yii2-site/vendor/yiisoft/yii2-debug/panels/LogPanel.php:70
PHP message: PHP   8. Exception->getTraceAsString() /var/www/html/yii2-site/vendor/yiisoft/yii2-debug/panels/LogPanel.php:70" while reading upstream, client: 127.0.0.1, server: yii.my, request: "POST /admin/catalog/create HTTP/1.1", upstream: "fastcgi://unix:/run/php/php7.0-fpm.sock:", host: "yii.my", referrer: "http://yii.my/admin/catalog/create"
2016/07/02 18:09:05 [error] 895#895: *229 FastCGI sent in stderr: "PHP message: PHP Warning:  Expected array for frame 6 in /var/www/html/yii2-site/vendor/yiisoft/yii2-debug/panels/LogPanel.php on line 70
PHP message: PHP Stack trace:
PHP message: PHP   1. yii\base\ErrorHandler->handleException() /var/www/html/yii2-site/vendor/yiisoft/yii2/base/ErrorHandler.php:0
PHP message: PHP   2. yii\log\Logger->flush() /var/www/html/yii2-site/vendor/yiisoft/yii2/log/Logger.php:0
PHP message: PHP   3. yii\log\Dispatcher->dispatch() /var/www/html/yii2-site/vendor/yiisoft/yii2/log/Logger.php:173
PHP message: PHP   4. yii\debug\LogTarget->collect() /var/www/html/yii2-site/vendor/yiisoft/yii2/log/Dispatcher.php:188
PHP message: PHP   5. yii\debug\LogTarget->export() /var/www/html/yii2-site/vendor/yiisoft/yii2-debug/LogTarget.php:118
PHP message: PHP   6. yii\debug\panels\LogPanel->save() /var/www/html/yii2-site/vendor/yiisoft/yii2-debug/LogTarget.php:54
PHP message: PHP   7. Exception->__toString() /var/www/html/yii2-site/vendor/yiisoft/yii2-debug/panels/LogPanel.php:70
PHP message: PHP   8. Exception->getTraceAsString() /var/www/html/yii2-site/vendor/yiisoft/yii2-debug/panels/LogPanel.php:70" while reading upstream, client: 127.0.0.1, server: yii.my, request: "POST /admin/catalog/create HTTP/1.1", upstream: "fastcgi://unix:/run/php/php7.0-fpm.sock:", host: "yii.my", referrer: "http://yii.my/admin/catalog/create"
2016/07/02 18:09:05 [error] 895#895: *229 FastCGI sent in stderr: "PHP message: PHP Warning:  Expected array for frame 7 in /var/www/html/yii2-site/vendor/yiisoft/yii2-debug/panels/LogPanel.php on line 70
PHP message: PHP Stack trace:
PHP message: PHP   1. yii\base\ErrorHandler->handleException() /var/www/html/yii2-site/vendor/yiisoft/yii2/base/ErrorHandler.php:0
PHP message: PHP   2. yii\log\Logger->flush() /var/www/html/yii2-site/vendor/yiisoft/yii2/log/Logger.php:0
PHP message: PHP   3. yii\log\Dispatcher->dispatch() /var/www/html/yii2-site/vendor/yiisoft/yii2/log/Logger.php:173
PHP message: PHP   4. yii\debug\LogTarget->collect() /var/www/html/yii2-site/v" while reading upstream, client: 127.0.0.1, server: yii.my, request: "POST /admin/catalog/create HTTP/1.1", upstream: "fastcgi://unix:/run/php/php7.0-fpm.sock:", host: "yii.my", referrer: "http://yii.my/admin/catalog/create"
2016/07/02 18:09:05 [error] 895#895: *229 FastCGI sent in stderr: "endor/yiisoft/yii2/log/Dispatcher.php:188
PHP message: PHP   5. yii\debug\LogTarget->export() /var/www/html/yii2-site/vendor/yiisoft/yii2-debug/LogTarget.php:118
PHP message: PHP   6. yii\debug\panels\LogPanel->save() /var/www/html/yii2-site/vendor/yiisoft/yii2-debug/LogTarget.php:54
PHP message: PHP   7. Exception->__toString() /var/www/html/yii2-site/vendor/yiisoft/yii2-debug/panels/LogPanel.php:70
PHP message: PHP   8. Exception->getTraceAsString() /var/www/html/yii2-site/vendor/yiisoft/yii2-debug/panels/LogPanel.php:70" while reading upstream, client: 127.0.0.1, server: yii.my, request: "POST /admin/catalog/create HTTP/1.1", upstream: "fastcgi://unix:/run/php/php7.0-fpm.sock:", host: "yii.my", referrer: "http://yii.my/admin/catalog/create"
2016/07/02 18:09:05 [error] 895#895: *229 FastCGI sent in stderr: "PHP message: PHP Warning:  Expected array for frame 8 in /var/www/html/yii2-site/vendor/yiisoft/yii2-debug/panels/LogPanel.php on line 70
PHP message: PHP Stack trace:
PHP message: PHP   1. yii\base\ErrorHandler->handleException() /var/www/html/yii2-site/vendor/yiisoft/yii2/base/ErrorHandler.php:0
PHP message: PHP   2. yii\log\Logger->flush() /var/www/html/yii2-site/vendor/yiisoft/yii2/log/Logger.php:0
PHP message: PHP   3. yii\log\Dispatcher->dispatch() /var/www/html/yii2-site/vendor/yiisoft/yii2/log/Logger.php:173
PHP message: PHP   4. yii\debug\LogTarget->collect() /var/www/html/yii2-site/vendor/yiisoft/yii2/log/Dispatcher.php:188
PHP message: PHP   5. yii\debug\LogTarget->export() /var/www/html/yii2-site/vendor/yiisoft/yii2-debug/LogTarget.php:118
PHP message: PHP   6. yii\debug\panels\LogPanel->save() /var/www/html/yii2-site/vendor/yiisoft/yii2-debug/LogTarget.php:54
PHP message: PHP   7. Exception->__toString() /var/www/html/yii2-site/vendor/yiisoft/yii2-debug/panels/LogPanel.php:70
PHP message: PHP   8. Exception->getTraceAsString() /var/www/html/yii2-site/vendor/yiisoft/yii2-debug/panels/LogPanel.php:70" while reading upstream, client: 127.0.0.1, server: yii.my, request: "POST /admin/catalog/create HTTP/1.1", upstream: "fastcgi://unix:/run/php/php7.0-fpm.sock:", host: "yii.my", referrer: "http://yii.my/admin/catalog/create"
2016/07/02 18:09:05 [error] 895#895: *229 FastCGI sent in stderr: "PHP message: PHP Warning:  Expected array for frame 9 in /var/www/html/yii2-site/vendor/yiisoft/yii2-debug/panels/LogPanel.php on line 70
PHP message: PHP Stack trace:
PHP message: PHP   1. yii\base\ErrorHandler->handleException() /var/www/html/yii2-site/vendor/yiisoft/yii2/base/ErrorHandler.php:0
PHP message: PHP   2. yii\log\Logger->flush() /var/www/html/yii2-site/vendor/yiisoft/yii2/log/Logger.php:0
PHP message: PHP   3. yii\log\Dispatcher->dispatch() /var/www/html/yii2-site/vendor/yiisoft/yii2/log/Logger.php:173
PHP message: PHP   4. yii\debug\LogTarget->collect() /var/www/html/yii2-site/vendor/yiisoft/yii2/log/Dispatcher.php:188
PHP message: PHP   5. yii\debug\LogTarget->export() /var/www/html/yii2-site/vendor/yiisoft/yii2-debug/LogTarget.php:118
PHP message: PHP   6. yii\debug\panels\LogPanel->save() /var/www/html/yii2-site/vendor/yiisoft/yii2-debug/LogTarget.php:54
PHP message: PHP   7. Exception->__toString() /var/www/html/yii2-site/vendor/yiisoft/yii2-debug/panels/LogPanel.php:70
PHP message: PHP   8. Exception->getTraceAsString() /var/www/html/yii2-site/vendor/yiisoft/yii2-debug/panels/LogPanel.php:70" while reading upstream, client: 127.0.0.1, server: yii.my, request: "POST /admin/catalog/create HTTP/1.1", upstream: "fastcgi://unix:/run/php/php7.0-fpm.sock:", host: "yii.my", referrer: "http://yii.my/admin/catalog/create"
